<?xml version="1.0" encoding="UTF-8"?>
<coverage generated="1778408382254" clover="3.2.0">
  <project timestamp="1778408382254" name="All files">
    <metrics statements="368" coveredstatements="366" conditionals="86" coveredconditionals="73" methods="74" coveredmethods="71" elements="528" coveredelements="510" complexity="0" loc="368" ncloc="368" packages="1" files="1" classes="1"/>
    <file name="main.js" path="/Applications/XAMPP/xamppfiles/htdocs/cpt304/main.js">
      <metrics statements="368" coveredstatements="366" conditionals="86" coveredconditionals="73" methods="74" coveredmethods="71"/>
      <line num="3" count="23" type="stmt"/>
      <line num="4" count="23" type="stmt"/>
      <line num="5" count="23" type="stmt"/>
      <line num="7" count="23" type="stmt"/>
      <line num="21" count="23" type="stmt"/>
      <line num="54" count="23" type="stmt"/>
      <line num="218" count="23" type="cond" truecount="1" falsecount="0"/>
      <line num="219" count="499" type="cond" truecount="1" falsecount="2"/>
      <line num="221" count="499" type="stmt"/>
      <line num="222" count="58" type="stmt"/>
      <line num="225" count="499" type="stmt"/>
      <line num="228" count="23" type="stmt"/>
      <line num="229" count="27" type="stmt"/>
      <line num="231" count="27" type="stmt"/>
      <line num="232" count="0" type="stmt"/>
      <line num="235" count="27" type="stmt"/>
      <line num="236" count="0" type="stmt"/>
      <line num="239" count="27" type="stmt"/>
      <line num="240" count="27" type="stmt"/>
      <line num="242" count="27" type="stmt"/>
      <line num="245" count="27" type="cond" truecount="2" falsecount="0"/>
      <line num="246" count="1" type="stmt"/>
      <line num="248" count="26" type="stmt"/>
      <line num="252" count="23" type="stmt"/>
      <line num="253" count="4" type="stmt"/>
      <line num="254" count="4" type="stmt"/>
      <line num="255" count="4" type="stmt"/>
      <line num="256" count="4" type="stmt"/>
      <line num="259" count="23" type="stmt"/>
      <line num="260" count="23" type="cond" truecount="2" falsecount="0"/>
      <line num="261" count="23" type="stmt"/>
      <line num="264" count="23" type="stmt"/>
      <line num="265" count="23" type="stmt"/>
      <line num="268" count="23" type="stmt"/>
      <line num="269" count="25" type="stmt"/>
      <line num="272" count="23" type="stmt"/>
      <line num="273" count="23" type="stmt"/>
      <line num="274" count="23" type="cond" truecount="1" falsecount="1"/>
      <line num="277" count="23" type="stmt"/>
      <line num="278" count="24" type="stmt"/>
      <line num="281" count="23" type="stmt"/>
      <line num="282" count="24" type="stmt"/>
      <line num="283" count="24" type="stmt"/>
      <line num="284" count="24" type="stmt"/>
      <line num="286" count="24" type="stmt"/>
      <line num="289" count="23" type="stmt"/>
      <line num="290" count="23" type="stmt"/>
      <line num="291" count="23" type="cond" truecount="2" falsecount="0"/>
      <line num="294" count="23" type="cond" truecount="1" falsecount="0"/>
      <line num="295" count="31" type="stmt"/>
      <line num="296" count="31" type="stmt"/>
      <line num="297" count="31" type="stmt"/>
      <line num="298" count="31" type="cond" truecount="2" falsecount="0"/>
      <line num="299" count="31" type="cond" truecount="2" falsecount="0"/>
      <line num="301" count="31" type="stmt"/>
      <line num="302" count="31" type="stmt"/>
      <line num="305" count="23" type="stmt"/>
      <line num="306" count="50" type="stmt"/>
      <line num="313" count="50" type="stmt"/>
      <line num="314" count="200" type="stmt"/>
      <line num="315" count="200" type="stmt"/>
      <line num="319" count="23" type="stmt"/>
      <line num="320" count="4" type="stmt"/>
      <line num="321" count="4" type="stmt"/>
      <line num="324" count="23" type="stmt"/>
      <line num="325" count="25" type="stmt"/>
      <line num="327" count="25" type="stmt"/>
      <line num="328" count="25" type="stmt"/>
      <line num="329" count="25" type="stmt"/>
      <line num="330" count="25" type="stmt"/>
      <line num="331" count="25" type="stmt"/>
      <line num="333" count="25" type="stmt"/>
      <line num="335" count="25" type="cond" truecount="2" falsecount="0"/>
      <line num="336" count="1" type="stmt"/>
      <line num="337" count="1" type="stmt"/>
      <line num="340" count="25" type="cond" truecount="5" falsecount="0"/>
      <line num="341" count="1" type="stmt"/>
      <line num="342" count="1" type="stmt"/>
      <line num="345" count="25" type="cond" truecount="2" falsecount="0"/>
      <line num="346" count="1" type="stmt"/>
      <line num="347" count="1" type="stmt"/>
      <line num="350" count="25" type="cond" truecount="2" falsecount="0"/>
      <line num="351" count="1" type="stmt"/>
      <line num="352" count="1" type="stmt"/>
      <line num="355" count="25" type="stmt"/>
      <line num="358" count="23" type="stmt"/>
      <line num="359" count="79" type="stmt"/>
      <line num="362" count="23" type="stmt"/>
      <line num="363" count="73" type="stmt"/>
      <line num="364" count="73" type="stmt"/>
      <line num="365" count="73" type="stmt"/>
      <line num="368" count="23" type="stmt"/>
      <line num="369" count="25" type="stmt"/>
      <line num="370" count="25" type="stmt"/>
      <line num="371" count="25" type="stmt"/>
      <line num="373" count="25" type="stmt"/>
      <line num="374" count="25" type="stmt"/>
      <line num="375" count="25" type="stmt"/>
      <line num="377" count="23" type="stmt"/>
      <line num="378" count="25" type="cond" truecount="1" falsecount="1"/>
      <line num="380" count="25" type="cond" truecount="2" falsecount="0"/>
      <line num="381" count="1" type="stmt"/>
      <line num="383" count="1" type="stmt"/>
      <line num="386" count="24" type="stmt"/>
      <line num="387" count="24" type="stmt"/>
      <line num="389" count="24" type="stmt"/>
      <line num="390" count="24" type="cond" truecount="2" falsecount="0"/>
      <line num="393" count="24" type="stmt"/>
      <line num="394" count="24" type="stmt"/>
      <line num="396" count="24" type="stmt"/>
      <line num="397" count="24" type="stmt"/>
      <line num="398" count="24" type="stmt"/>
      <line num="399" count="24" type="stmt"/>
      <line num="401" count="24" type="cond" truecount="2" falsecount="0"/>
      <line num="402" count="1" type="stmt"/>
      <line num="403" count="1" type="cond" truecount="1" falsecount="1"/>
      <line num="405" count="1" type="stmt"/>
      <line num="408" count="23" type="stmt"/>
      <line num="416" count="23" type="stmt"/>
      <line num="418" count="23" type="stmt"/>
      <line num="421" count="24" type="stmt"/>
      <line num="422" count="24" type="stmt"/>
      <line num="423" count="24" type="stmt"/>
      <line num="425" count="24" type="stmt"/>
      <line num="426" count="24" type="stmt"/>
      <line num="432" count="23" type="stmt"/>
      <line num="433" count="3" type="stmt"/>
      <line num="434" count="3" type="cond" truecount="1" falsecount="1"/>
      <line num="436" count="3" type="stmt"/>
      <line num="437" count="3" type="stmt"/>
      <line num="438" count="3" type="stmt"/>
      <line num="439" count="3" type="stmt"/>
      <line num="441" count="3" type="stmt"/>
      <line num="444" count="3" type="stmt"/>
      <line num="445" count="3" type="stmt"/>
      <line num="446" count="3" type="stmt"/>
      <line num="447" count="3" type="stmt"/>
      <line num="451" count="23" type="stmt"/>
      <line num="452" count="1" type="stmt"/>
      <line num="453" count="1" type="stmt"/>
      <line num="454" count="1" type="stmt"/>
      <line num="455" count="1" type="stmt"/>
      <line num="458" count="23" type="stmt"/>
      <line num="459" count="3" type="stmt"/>
      <line num="460" count="3" type="stmt"/>
      <line num="461" count="3" type="stmt"/>
      <line num="464" count="23" type="stmt"/>
      <line num="465" count="3" type="stmt"/>
      <line num="466" count="3" type="stmt"/>
      <line num="467" count="3" type="stmt"/>
      <line num="470" count="23" type="stmt"/>
      <line num="471" count="52" type="stmt"/>
      <line num="473" count="52" type="stmt"/>
      <line num="474" count="31" type="stmt"/>
      <line num="475" count="22" type="stmt"/>
      <line num="477" count="52" type="stmt"/>
      <line num="478" count="31" type="stmt"/>
      <line num="479" count="9" type="stmt"/>
      <line num="481" count="52" type="stmt"/>
      <line num="483" count="52" type="stmt"/>
      <line num="484" count="52" type="stmt"/>
      <line num="485" count="52" type="stmt"/>
      <line num="488" count="23" type="stmt"/>
      <line num="489" count="58" type="stmt"/>
      <line num="491" count="58" type="stmt"/>
      <line num="495" count="58" type="stmt"/>
      <line num="497" count="58" type="cond" truecount="2" falsecount="0"/>
      <line num="498" count="27" type="stmt"/>
      <line num="499" count="27" type="stmt"/>
      <line num="501" count="27" type="stmt"/>
      <line num="502" count="27" type="stmt"/>
      <line num="503" count="27" type="stmt"/>
      <line num="505" count="27" type="stmt"/>
      <line num="506" count="27" type="stmt"/>
      <line num="508" count="27" type="stmt"/>
      <line num="509" count="27" type="stmt"/>
      <line num="510" count="27" type="stmt"/>
      <line num="511" count="27" type="stmt"/>
      <line num="513" count="27" type="stmt"/>
      <line num="514" count="27" type="stmt"/>
      <line num="515" count="27" type="stmt"/>
      <line num="518" count="31" type="stmt"/>
      <line num="520" count="31" type="stmt"/>
      <line num="521" count="31" type="stmt"/>
      <line num="522" count="31" type="stmt"/>
      <line num="524" count="31" type="stmt"/>
      <line num="525" count="31" type="stmt"/>
      <line num="526" count="31" type="stmt"/>
      <line num="528" count="31" type="stmt"/>
      <line num="530" count="31" type="stmt"/>
      <line num="531" count="38" type="stmt"/>
      <line num="534" count="31" type="stmt"/>
      <line num="538" count="23" type="stmt"/>
      <line num="539" count="38" type="cond" truecount="2" falsecount="0"/>
      <line num="540" count="38" type="stmt"/>
      <line num="541" count="38" type="stmt"/>
      <line num="543" count="38" type="stmt"/>
      <line num="556" count="38" type="stmt"/>
      <line num="557" count="38" type="cond" truecount="1" falsecount="1"/>
      <line num="560" count="38" type="stmt"/>
      <line num="561" count="38" type="stmt"/>
      <line num="563" count="38" type="stmt"/>
      <line num="565" count="38" type="stmt"/>
      <line num="566" count="38" type="stmt"/>
      <line num="567" count="38" type="stmt"/>
      <line num="569" count="38" type="stmt"/>
      <line num="570" count="38" type="stmt"/>
      <line num="572" count="38" type="stmt"/>
      <line num="573" count="38" type="stmt"/>
      <line num="574" count="38" type="stmt"/>
      <line num="576" count="38" type="stmt"/>
      <line num="577" count="38" type="stmt"/>
      <line num="579" count="38" type="stmt"/>
      <line num="580" count="38" type="stmt"/>
      <line num="582" count="38" type="stmt"/>
      <line num="584" count="38" type="stmt"/>
      <line num="585" count="38" type="stmt"/>
      <line num="586" count="38" type="stmt"/>
      <line num="588" count="38" type="stmt"/>
      <line num="589" count="38" type="stmt"/>
      <line num="590" count="38" type="stmt"/>
      <line num="591" count="38" type="stmt"/>
      <line num="593" count="38" type="stmt"/>
      <line num="594" count="38" type="stmt"/>
      <line num="595" count="38" type="stmt"/>
      <line num="596" count="38" type="stmt"/>
      <line num="598" count="38" type="stmt"/>
      <line num="599" count="38" type="stmt"/>
      <line num="601" count="38" type="stmt"/>
      <line num="604" count="23" type="stmt"/>
      <line num="605" count="58" type="stmt"/>
      <line num="607" count="58" type="stmt"/>
      <line num="608" count="43" type="cond" truecount="2" falsecount="0"/>
      <line num="611" count="43" type="cond" truecount="5" falsecount="0"/>
      <line num="615" count="43" type="stmt"/>
      <line num="617" count="43" type="cond" truecount="3" falsecount="0"/>
      <line num="621" count="23" type="stmt"/>
      <line num="622" count="31" type="stmt"/>
      <line num="623" count="7" type="stmt"/>
      <line num="626" count="31" type="stmt"/>
      <line num="627" count="31" type="stmt"/>
      <line num="629" count="31" type="stmt"/>
      <line num="630" count="38" type="stmt"/>
      <line num="639" count="38" type="cond" truecount="2" falsecount="0"/>
      <line num="640" count="31" type="stmt"/>
      <line num="641" count="31" type="stmt"/>
      <line num="644" count="38" type="stmt"/>
      <line num="647" count="31" type="stmt"/>
      <line num="650" count="23" type="stmt"/>
      <line num="651" count="298" type="cond" truecount="2" falsecount="0"/>
      <line num="657" count="23" type="stmt"/>
      <line num="658" count="38" type="stmt"/>
      <line num="659" count="38" type="cond" truecount="2" falsecount="0"/>
      <line num="666" count="23" type="stmt"/>
      <line num="667" count="52" type="stmt"/>
      <line num="668" count="52" type="cond" truecount="1" falsecount="1"/>
      <line num="670" count="52" type="stmt"/>
      <line num="671" count="52" type="cond" truecount="1" falsecount="1"/>
      <line num="673" count="52" type="stmt"/>
      <line num="674" count="52" type="stmt"/>
      <line num="676" count="52" type="stmt"/>
      <line num="677" count="52" type="stmt"/>
      <line num="678" count="52" type="stmt"/>
      <line num="680" count="52" type="stmt"/>
      <line num="681" count="52" type="stmt"/>
      <line num="683" count="52" type="stmt"/>
      <line num="685" count="52" type="stmt"/>
      <line num="686" count="52" type="stmt"/>
      <line num="687" count="52" type="stmt"/>
      <line num="688" count="31" type="stmt"/>
      <line num="691" count="52" type="stmt"/>
      <line num="692" count="52" type="stmt"/>
      <line num="693" count="52" type="stmt"/>
      <line num="694" count="52" type="stmt"/>
      <line num="696" count="52" type="stmt"/>
      <line num="697" count="52" type="stmt"/>
      <line num="699" count="52" type="stmt"/>
      <line num="700" count="52" type="stmt"/>
      <line num="701" count="52" type="stmt"/>
      <line num="702" count="52" type="stmt"/>
      <line num="703" count="52" type="stmt"/>
      <line num="705" count="52" type="stmt"/>
      <line num="706" count="52" type="stmt"/>
      <line num="708" count="52" type="stmt"/>
      <line num="709" count="52" type="stmt"/>
      <line num="716" count="52" type="stmt"/>
      <line num="717" count="52" type="stmt"/>
      <line num="719" count="52" type="stmt"/>
      <line num="720" count="52" type="stmt"/>
      <line num="723" count="52" type="stmt"/>
      <line num="724" count="52" type="stmt"/>
      <line num="731" count="23" type="stmt"/>
      <line num="732" count="52" type="stmt"/>
      <line num="733" count="52" type="stmt"/>
      <line num="734" count="52" type="stmt"/>
      <line num="737" count="23" type="stmt"/>
      <line num="738" count="2" type="cond" truecount="2" falsecount="0"/>
      <line num="739" count="1" type="stmt"/>
      <line num="741" count="1" type="stmt"/>
      <line num="745" count="1" type="stmt"/>
      <line num="754" count="1" type="stmt"/>
      <line num="761" count="1" type="stmt"/>
      <line num="763" count="8" type="stmt"/>
      <line num="767" count="1" type="stmt"/>
      <line num="768" count="1" type="stmt"/>
      <line num="769" count="1" type="stmt"/>
      <line num="771" count="1" type="stmt"/>
      <line num="772" count="1" type="stmt"/>
      <line num="773" count="1" type="stmt"/>
      <line num="774" count="1" type="stmt"/>
      <line num="775" count="1" type="stmt"/>
      <line num="776" count="1" type="stmt"/>
      <line num="777" count="1" type="stmt"/>
      <line num="781" count="23" type="stmt"/>
      <line num="783" count="23" type="stmt"/>
      <line num="784" count="23" type="stmt"/>
      <line num="785" count="23" type="stmt"/>
      <line num="786" count="23" type="stmt"/>
      <line num="789" count="23" type="stmt"/>
      <line num="790" count="23" type="stmt"/>
      <line num="793" count="23" type="stmt"/>
      <line num="794" count="25" type="stmt"/>
      <line num="795" count="25" type="stmt"/>
      <line num="798" count="23" type="stmt"/>
      <line num="799" count="1" type="stmt"/>
      <line num="802" count="23" type="stmt"/>
      <line num="803" count="3" type="stmt"/>
      <line num="808" count="23" type="stmt"/>
      <line num="809" count="1" type="stmt"/>
      <line num="812" count="23" type="stmt"/>
      <line num="813" count="7" type="stmt"/>
      <line num="814" count="7" type="stmt"/>
      <line num="815" count="7" type="stmt"/>
      <line num="817" count="7" type="stmt"/>
      <line num="818" count="7" type="stmt"/>
      <line num="820" count="7" type="cond" truecount="2" falsecount="0"/>
      <line num="821" count="3" type="stmt"/>
      <line num="824" count="7" type="cond" truecount="2" falsecount="0"/>
      <line num="825" count="3" type="stmt"/>
      <line num="828" count="7" type="cond" truecount="2" falsecount="0"/>
      <line num="829" count="1" type="stmt"/>
      <line num="833" count="23" type="stmt"/>
      <line num="834" count="1" type="stmt"/>
      <line num="835" count="1" type="stmt"/>
      <line num="838" count="23" type="stmt"/>
      <line num="839" count="2" type="stmt"/>
      <line num="840" count="2" type="stmt"/>
      <line num="843" count="23" type="stmt"/>
      <line num="844" count="2" type="stmt"/>
      <line num="845" count="2" type="stmt"/>
      <line num="848" count="23" type="stmt"/>
      <line num="849" count="1" type="stmt"/>
      <line num="850" count="1" type="stmt"/>
      <line num="851" count="1" type="stmt"/>
      <line num="852" count="1" type="stmt"/>
      <line num="853" count="1" type="stmt"/>
      <line num="856" count="23" type="stmt"/>
      <line num="858" count="23" type="stmt"/>
      <line num="859" count="1" type="cond" truecount="1" falsecount="1"/>
      <line num="862" count="23" type="stmt"/>
      <line num="863" count="1" type="cond" truecount="1" falsecount="1"/>
      <line num="864" count="1" type="stmt"/>
      <line num="866" count="1" type="stmt"/>
      <line num="869" count="23" type="stmt"/>
      <line num="871" count="23" type="stmt"/>
      <line num="872" count="1" type="cond" truecount="1" falsecount="1"/>
      <line num="873" count="1" type="stmt"/>
      <line num="878" count="23" type="stmt"/>
    </file>
  </project>
</coverage>
