{"/Applications/XAMPP/xamppfiles/htdocs/cpt304/main.js": {"path":"/Applications/XAMPP/xamppfiles/htdocs/cpt304/main.js","statementMap":{"0":{"start":{"line":3,"column":20},"end":{"line":3,"column":40}},"1":{"start":{"line":4,"column":18},"end":{"line":4,"column":39}},"2":{"start":{"line":5,"column":21},"end":{"line":5,"column":45}},"3":{"start":{"line":7,"column":14},"end":{"line":19,"column":1}},"4":{"start":{"line":21,"column":12},"end":{"line":53,"column":1}},"5":{"start":{"line":54,"column":21},"end":{"line":216,"column":1}},"6":{"start":{"line":218,"column":10},"end":{"line":226,"column":1}},"7":{"start":{"line":219,"column":13},"end":{"line":219,"column":79}},"8":{"start":{"line":221,"column":2},"end":{"line":223,"column":5}},"9":{"start":{"line":222,"column":4},"end":{"line":222,"column":47}},"10":{"start":{"line":225,"column":2},"end":{"line":225,"column":14}},"11":{"start":{"line":228,"column":26},"end":{"line":250,"column":1}},"12":{"start":{"line":229,"column":2},"end":{"line":229,"column":49}},"13":{"start":{"line":231,"column":2},"end":{"line":233,"column":5}},"14":{"start":{"line":232,"column":4},"end":{"line":232,"column":50}},"15":{"start":{"line":235,"column":2},"end":{"line":237,"column":5}},"16":{"start":{"line":236,"column":4},"end":{"line":236,"column":61}},"17":{"start":{"line":239,"column":2},"end":{"line":239,"column":71}},"18":{"start":{"line":240,"column":2},"end":{"line":240,"column":71}},"19":{"start":{"line":242,"column":2},"end":{"line":243,"column":65}},"20":{"start":{"line":245,"column":2},"end":{"line":249,"column":3}},"21":{"start":{"line":246,"column":4},"end":{"line":246,"column":48}},"22":{"start":{"line":248,"column":4},"end":{"line":248,"column":47}},"23":{"start":{"line":252,"column":20},"end":{"line":257,"column":1}},"24":{"start":{"line":253,"column":2},"end":{"line":253,"column":28}},"25":{"start":{"line":254,"column":2},"end":{"line":254,"column":47}},"26":{"start":{"line":255,"column":2},"end":{"line":255,"column":22}},"27":{"start":{"line":256,"column":2},"end":{"line":256,"column":14}},"28":{"start":{"line":259,"column":21},"end":{"line":262,"column":1}},"29":{"start":{"line":260,"column":2},"end":{"line":260,"column":62}},"30":{"start":{"line":261,"column":2},"end":{"line":261,"column":22}},"31":{"start":{"line":264,"column":19},"end":{"line":266,"column":1}},"32":{"start":{"line":265,"column":2},"end":{"line":265,"column":67}},"33":{"start":{"line":268,"column":27},"end":{"line":270,"column":1}},"34":{"start":{"line":269,"column":2},"end":{"line":269,"column":72}},"35":{"start":{"line":272,"column":29},"end":{"line":275,"column":1}},"36":{"start":{"line":273,"column":17},"end":{"line":273,"column":50}},"37":{"start":{"line":274,"column":2},"end":{"line":274,"column":56}},"38":{"start":{"line":277,"column":18},"end":{"line":279,"column":1}},"39":{"start":{"line":278,"column":2},"end":{"line":278,"column":47}},"40":{"start":{"line":281,"column":17},"end":{"line":287,"column":1}},"41":{"start":{"line":282,"column":2},"end":{"line":282,"column":22}},"42":{"start":{"line":283,"column":2},"end":{"line":283,"column":67}},"43":{"start":{"line":284,"column":2},"end":{"line":285,"column":59}},"44":{"start":{"line":286,"column":2},"end":{"line":286,"column":14}},"45":{"start":{"line":289,"column":18},"end":{"line":292,"column":1}},"46":{"start":{"line":290,"column":22},"end":{"line":290,"column":53}},"47":{"start":{"line":291,"column":2},"end":{"line":291,"column":34}},"48":{"start":{"line":294,"column":18},"end":{"line":303,"column":1}},"49":{"start":{"line":295,"column":16},"end":{"line":295,"column":45}},"50":{"start":{"line":296,"column":2},"end":{"line":296,"column":46}},"51":{"start":{"line":297,"column":2},"end":{"line":297,"column":30}},"52":{"start":{"line":298,"column":2},"end":{"line":298,"column":71}},"53":{"start":{"line":299,"column":2},"end":{"line":299,"column":80}},"54":{"start":{"line":301,"column":2},"end":{"line":301,"column":40}},"55":{"start":{"line":302,"column":2},"end":{"line":302,"column":41}},"56":{"start":{"line":302,"column":19},"end":{"line":302,"column":33}},"57":{"start":{"line":305,"column":20},"end":{"line":317,"column":1}},"58":{"start":{"line":306,"column":17},"end":{"line":311,"column":3}},"59":{"start":{"line":313,"column":2},"end":{"line":316,"column":5}},"60":{"start":{"line":314,"column":4},"end":{"line":314,"column":41}},"61":{"start":{"line":315,"column":4},"end":{"line":315,"column":27}},"62":{"start":{"line":319,"column":17},"end":{"line":322,"column":1}},"63":{"start":{"line":320,"column":2},"end":{"line":320,"column":36}},"64":{"start":{"line":321,"column":2},"end":{"line":321,"column":32}},"65":{"start":{"line":324,"column":21},"end":{"line":356,"column":1}},"66":{"start":{"line":325,"column":2},"end":{"line":325,"column":16}},"67":{"start":{"line":327,"column":16},"end":{"line":327,"column":43}},"68":{"start":{"line":328,"column":22},"end":{"line":328,"column":50}},"69":{"start":{"line":329,"column":17},"end":{"line":329,"column":36}},"70":{"start":{"line":330,"column":19},"end":{"line":330,"column":42}},"71":{"start":{"line":331,"column":15},"end":{"line":331,"column":34}},"72":{"start":{"line":333,"column":16},"end":{"line":333,"column":20}},"73":{"start":{"line":335,"column":2},"end":{"line":338,"column":3}},"74":{"start":{"line":336,"column":4},"end":{"line":336,"column":63}},"75":{"start":{"line":337,"column":4},"end":{"line":337,"column":20}},"76":{"start":{"line":340,"column":2},"end":{"line":343,"column":3}},"77":{"start":{"line":341,"column":4},"end":{"line":341,"column":66}},"78":{"start":{"line":342,"column":4},"end":{"line":342,"column":20}},"79":{"start":{"line":345,"column":2},"end":{"line":348,"column":3}},"80":{"start":{"line":346,"column":4},"end":{"line":346,"column":72}},"81":{"start":{"line":347,"column":4},"end":{"line":347,"column":20}},"82":{"start":{"line":350,"column":2},"end":{"line":353,"column":3}},"83":{"start":{"line":351,"column":4},"end":{"line":351,"column":60}},"84":{"start":{"line":352,"column":4},"end":{"line":352,"column":20}},"85":{"start":{"line":355,"column":2},"end":{"line":355,"column":17}},"86":{"start":{"line":358,"column":29},"end":{"line":360,"column":1}},"87":{"start":{"line":359,"column":2},"end":{"line":359,"column":41}},"88":{"start":{"line":362,"column":25},"end":{"line":366,"column":1}},"89":{"start":{"line":363,"column":2},"end":{"line":363,"column":37}},"90":{"start":{"line":364,"column":2},"end":{"line":364,"column":58}},"91":{"start":{"line":365,"column":2},"end":{"line":365,"column":61}},"92":{"start":{"line":368,"column":23},"end":{"line":376,"column":1}},"93":{"start":{"line":369,"column":2},"end":{"line":369,"column":19}},"94":{"start":{"line":370,"column":2},"end":{"line":370,"column":25}},"95":{"start":{"line":371,"column":2},"end":{"line":371,"column":45}},"96":{"start":{"line":373,"column":2},"end":{"line":373,"column":26}},"97":{"start":{"line":374,"column":2},"end":{"line":374,"column":34}},"98":{"start":{"line":375,"column":2},"end":{"line":375,"column":16}},"99":{"start":{"line":377,"column":23},"end":{"line":428,"column":1}},"100":{"start":{"line":378,"column":2},"end":{"line":378,"column":33}},"101":{"start":{"line":378,"column":26},"end":{"line":378,"column":33}},"102":{"start":{"line":380,"column":2},"end":{"line":384,"column":3}},"103":{"start":{"line":381,"column":4},"end":{"line":381,"column":45}},"104":{"start":{"line":383,"column":4},"end":{"line":383,"column":11}},"105":{"start":{"line":386,"column":2},"end":{"line":386,"column":28}},"106":{"start":{"line":387,"column":21},"end":{"line":387,"column":45}},"107":{"start":{"line":389,"column":2},"end":{"line":389,"column":25}},"108":{"start":{"line":390,"column":2},"end":{"line":390,"column":87}},"109":{"start":{"line":393,"column":2},"end":{"line":427,"column":3}},"110":{"start":{"line":394,"column":4},"end":{"line":394,"column":61}},"111":{"start":{"line":394,"column":35},"end":{"line":394,"column":59}},"112":{"start":{"line":396,"column":18},"end":{"line":396,"column":45}},"113":{"start":{"line":397,"column":19},"end":{"line":397,"column":48}},"114":{"start":{"line":398,"column":21},"end":{"line":398,"column":44}},"115":{"start":{"line":399,"column":17},"end":{"line":399,"column":36}},"116":{"start":{"line":401,"column":4},"end":{"line":419,"column":5}},"117":{"start":{"line":402,"column":6},"end":{"line":404,"column":8}},"118":{"start":{"line":403,"column":8},"end":{"line":403,"column":81}},"119":{"start":{"line":405,"column":6},"end":{"line":405,"column":36}},"120":{"start":{"line":408,"column":29},"end":{"line":414,"column":7}},"121":{"start":{"line":416,"column":6},"end":{"line":416,"column":67}},"122":{"start":{"line":418,"column":6},"end":{"line":418,"column":34}},"123":{"start":{"line":421,"column":4},"end":{"line":421,"column":21}},"124":{"start":{"line":422,"column":4},"end":{"line":422,"column":25}},"125":{"start":{"line":423,"column":4},"end":{"line":423,"column":16}},"126":{"start":{"line":425,"column":4},"end":{"line":425,"column":31}},"127":{"start":{"line":426,"column":4},"end":{"line":426,"column":28}},"128":{"start":{"line":432,"column":21},"end":{"line":449,"column":1}},"129":{"start":{"line":433,"column":22},"end":{"line":433,"column":67}},"130":{"start":{"line":433,"column":54},"end":{"line":433,"column":66}},"131":{"start":{"line":434,"column":2},"end":{"line":434,"column":27}},"132":{"start":{"line":434,"column":20},"end":{"line":434,"column":27}},"133":{"start":{"line":436,"column":2},"end":{"line":436,"column":43}},"134":{"start":{"line":437,"column":2},"end":{"line":437,"column":45}},"135":{"start":{"line":438,"column":2},"end":{"line":438,"column":49}},"136":{"start":{"line":439,"column":2},"end":{"line":439,"column":41}},"137":{"start":{"line":441,"column":2},"end":{"line":441,"column":23}},"138":{"start":{"line":444,"column":2},"end":{"line":444,"column":46}},"139":{"start":{"line":445,"column":2},"end":{"line":445,"column":35}},"140":{"start":{"line":446,"column":2},"end":{"line":446,"column":25}},"141":{"start":{"line":447,"column":2},"end":{"line":447,"column":32}},"142":{"start":{"line":451,"column":26},"end":{"line":456,"column":1}},"143":{"start":{"line":452,"column":2},"end":{"line":452,"column":71}},"144":{"start":{"line":452,"column":57},"end":{"line":452,"column":69}},"145":{"start":{"line":453,"column":2},"end":{"line":453,"column":23}},"146":{"start":{"line":454,"column":2},"end":{"line":454,"column":14}},"147":{"start":{"line":455,"column":2},"end":{"line":455,"column":32}},"148":{"start":{"line":458,"column":25},"end":{"line":462,"column":1}},"149":{"start":{"line":459,"column":2},"end":{"line":459,"column":29}},"150":{"start":{"line":460,"column":2},"end":{"line":460,"column":44}},"151":{"start":{"line":461,"column":2},"end":{"line":461,"column":56}},"152":{"start":{"line":464,"column":26},"end":{"line":468,"column":1}},"153":{"start":{"line":465,"column":2},"end":{"line":465,"column":31}},"154":{"start":{"line":466,"column":2},"end":{"line":466,"column":47}},"155":{"start":{"line":467,"column":2},"end":{"line":467,"column":55}},"156":{"start":{"line":470,"column":22},"end":{"line":486,"column":1}},"157":{"start":{"line":471,"column":18},"end":{"line":471,"column":59}},"158":{"start":{"line":471,"column":49},"end":{"line":471,"column":58}},"159":{"start":{"line":473,"column":22},"end":{"line":475,"column":45}},"160":{"start":{"line":474,"column":24},"end":{"line":474,"column":34}},"161":{"start":{"line":475,"column":29},"end":{"line":475,"column":41}},"162":{"start":{"line":477,"column":24},"end":{"line":479,"column":45}},"163":{"start":{"line":478,"column":24},"end":{"line":478,"column":34}},"164":{"start":{"line":479,"column":29},"end":{"line":479,"column":41}},"165":{"start":{"line":481,"column":23},"end":{"line":481,"column":50}},"166":{"start":{"line":483,"column":2},"end":{"line":483,"column":60}},"167":{"start":{"line":484,"column":2},"end":{"line":484,"column":74}},"168":{"start":{"line":485,"column":2},"end":{"line":485,"column":62}},"169":{"start":{"line":488,"column":27},"end":{"line":536,"column":1}},"170":{"start":{"line":489,"column":19},"end":{"line":489,"column":39}},"171":{"start":{"line":491,"column":2},"end":{"line":493,"column":5}},"172":{"start":{"line":495,"column":2},"end":{"line":495,"column":40}},"173":{"start":{"line":497,"column":2},"end":{"line":516,"column":3}},"174":{"start":{"line":498,"column":18},"end":{"line":498,"column":47}},"175":{"start":{"line":499,"column":4},"end":{"line":499,"column":44}},"176":{"start":{"line":501,"column":17},"end":{"line":501,"column":46}},"177":{"start":{"line":502,"column":4},"end":{"line":502,"column":35}},"178":{"start":{"line":503,"column":4},"end":{"line":503,"column":27}},"179":{"start":{"line":505,"column":20},"end":{"line":505,"column":47}},"180":{"start":{"line":506,"column":4},"end":{"line":506,"column":50}},"181":{"start":{"line":508,"column":19},"end":{"line":508,"column":51}},"182":{"start":{"line":509,"column":4},"end":{"line":509,"column":55}},"183":{"start":{"line":510,"column":4},"end":{"line":510,"column":27}},"184":{"start":{"line":511,"column":4},"end":{"line":511,"column":52}},"185":{"start":{"line":513,"column":4},"end":{"line":513,"column":40}},"186":{"start":{"line":514,"column":4},"end":{"line":514,"column":44}},"187":{"start":{"line":515,"column":4},"end":{"line":515,"column":11}},"188":{"start":{"line":518,"column":17},"end":{"line":518,"column":39}},"189":{"start":{"line":520,"column":2},"end":{"line":535,"column":5}},"190":{"start":{"line":521,"column":20},"end":{"line":521,"column":49}},"191":{"start":{"line":522,"column":4},"end":{"line":522,"column":38}},"192":{"start":{"line":524,"column":18},"end":{"line":524,"column":45}},"193":{"start":{"line":525,"column":4},"end":{"line":525,"column":36}},"194":{"start":{"line":526,"column":4},"end":{"line":526,"column":36}},"195":{"start":{"line":528,"column":4},"end":{"line":528,"column":31}},"196":{"start":{"line":530,"column":4},"end":{"line":532,"column":7}},"197":{"start":{"line":531,"column":6},"end":{"line":531,"column":53}},"198":{"start":{"line":534,"column":4},"end":{"line":534,"column":46}},"199":{"start":{"line":538,"column":30},"end":{"line":602,"column":1}},"200":{"start":{"line":539,"column":20},"end":{"line":539,"column":73}},"201":{"start":{"line":540,"column":26},"end":{"line":540,"column":51}},"202":{"start":{"line":541,"column":24},"end":{"line":541,"column":43}},"203":{"start":{"line":543,"column":25},"end":{"line":554,"column":3}},"204":{"start":{"line":556,"column":27},"end":{"line":558,"column":3}},"205":{"start":{"line":557,"column":4},"end":{"line":557,"column":51}},"206":{"start":{"line":560,"column":15},"end":{"line":560,"column":44}},"207":{"start":{"line":561,"column":2},"end":{"line":561,"column":33}},"208":{"start":{"line":563,"column":15},"end":{"line":563,"column":44}},"209":{"start":{"line":565,"column":16},"end":{"line":565,"column":43}},"210":{"start":{"line":566,"column":2},"end":{"line":566,"column":41}},"211":{"start":{"line":567,"column":2},"end":{"line":567,"column":31}},"212":{"start":{"line":569,"column":15},"end":{"line":569,"column":44}},"213":{"start":{"line":570,"column":2},"end":{"line":570,"column":39}},"214":{"start":{"line":572,"column":16},"end":{"line":572,"column":46}},"215":{"start":{"line":573,"column":2},"end":{"line":573,"column":28}},"216":{"start":{"line":574,"column":2},"end":{"line":574,"column":52}},"217":{"start":{"line":576,"column":15},"end":{"line":576,"column":45}},"218":{"start":{"line":577,"column":2},"end":{"line":577,"column":35}},"219":{"start":{"line":579,"column":2},"end":{"line":579,"column":27}},"220":{"start":{"line":580,"column":2},"end":{"line":580,"column":27}},"221":{"start":{"line":582,"column":16},"end":{"line":582,"column":45}},"222":{"start":{"line":584,"column":17},"end":{"line":584,"column":44}},"223":{"start":{"line":585,"column":2},"end":{"line":585,"column":43}},"224":{"start":{"line":586,"column":2},"end":{"line":586,"column":39}},"225":{"start":{"line":588,"column":18},"end":{"line":588,"column":50}},"226":{"start":{"line":589,"column":2},"end":{"line":589,"column":33}},"227":{"start":{"line":590,"column":2},"end":{"line":590,"column":29}},"228":{"start":{"line":591,"column":2},"end":{"line":591,"column":47}},"229":{"start":{"line":593,"column":20},"end":{"line":593,"column":52}},"230":{"start":{"line":594,"column":2},"end":{"line":594,"column":37}},"231":{"start":{"line":595,"column":2},"end":{"line":595,"column":31}},"232":{"start":{"line":596,"column":2},"end":{"line":596,"column":51}},"233":{"start":{"line":598,"column":2},"end":{"line":598,"column":43}},"234":{"start":{"line":599,"column":2},"end":{"line":599,"column":27}},"235":{"start":{"line":601,"column":2},"end":{"line":601,"column":14}},"236":{"start":{"line":604,"column":27},"end":{"line":619,"column":1}},"237":{"start":{"line":605,"column":37},"end":{"line":605,"column":50}},"238":{"start":{"line":607,"column":2},"end":{"line":618,"column":5}},"239":{"start":{"line":608,"column":28},"end":{"line":608,"column":74}},"240":{"start":{"line":611,"column":6},"end":{"line":613,"column":43}},"241":{"start":{"line":615,"column":26},"end":{"line":615,"column":79}},"242":{"start":{"line":617,"column":4},"end":{"line":617,"column":59}},"243":{"start":{"line":621,"column":21},"end":{"line":648,"column":1}},"244":{"start":{"line":622,"column":17},"end":{"line":624,"column":3}},"245":{"start":{"line":623,"column":14},"end":{"line":623,"column":49}},"246":{"start":{"line":626,"column":17},"end":{"line":626,"column":19}},"247":{"start":{"line":627,"column":17},"end":{"line":627,"column":26}},"248":{"start":{"line":629,"column":2},"end":{"line":645,"column":5}},"249":{"start":{"line":630,"column":18},"end":{"line":636,"column":5}},"250":{"start":{"line":639,"column":4},"end":{"line":642,"column":5}},"251":{"start":{"line":640,"column":6},"end":{"line":640,"column":46}},"252":{"start":{"line":641,"column":6},"end":{"line":641,"column":37}},"253":{"start":{"line":644,"column":4},"end":{"line":644,"column":37}},"254":{"start":{"line":647,"column":2},"end":{"line":647,"column":16}},"255":{"start":{"line":650,"column":23},"end":{"line":655,"column":1}},"256":{"start":{"line":651,"column":2},"end":{"line":654,"column":20}},"257":{"start":{"line":657,"column":19},"end":{"line":664,"column":1}},"258":{"start":{"line":658,"column":15},"end":{"line":658,"column":35}},"259":{"start":{"line":659,"column":2},"end":{"line":663,"column":5}},"260":{"start":{"line":666,"column":20},"end":{"line":729,"column":1}},"261":{"start":{"line":667,"column":17},"end":{"line":667,"column":33}},"262":{"start":{"line":668,"column":2},"end":{"line":668,"column":22}},"263":{"start":{"line":668,"column":15},"end":{"line":668,"column":22}},"264":{"start":{"line":670,"column":14},"end":{"line":670,"column":37}},"265":{"start":{"line":671,"column":14},"end":{"line":671,"column":42}},"266":{"start":{"line":673,"column":23},"end":{"line":673,"column":41}},"267":{"start":{"line":674,"column":24},"end":{"line":674,"column":27}},"268":{"start":{"line":676,"column":2},"end":{"line":676,"column":36}},"269":{"start":{"line":677,"column":2},"end":{"line":677,"column":38}},"270":{"start":{"line":678,"column":2},"end":{"line":678,"column":41}},"271":{"start":{"line":680,"column":16},"end":{"line":680,"column":28}},"272":{"start":{"line":681,"column":17},"end":{"line":681,"column":30}},"273":{"start":{"line":683,"column":2},"end":{"line":683,"column":37}},"274":{"start":{"line":685,"column":18},"end":{"line":685,"column":59}},"275":{"start":{"line":685,"column":49},"end":{"line":685,"column":58}},"276":{"start":{"line":686,"column":17},"end":{"line":686,"column":72}},"277":{"start":{"line":686,"column":39},"end":{"line":686,"column":44}},"278":{"start":{"line":686,"column":63},"end":{"line":686,"column":68}},"279":{"start":{"line":687,"column":19},"end":{"line":689,"column":3}},"280":{"start":{"line":688,"column":26},"end":{"line":688,"column":31}},"281":{"start":{"line":688,"column":50},"end":{"line":688,"column":55}},"282":{"start":{"line":691,"column":19},"end":{"line":691,"column":48}},"283":{"start":{"line":692,"column":19},"end":{"line":692,"column":22}},"284":{"start":{"line":693,"column":14},"end":{"line":693,"column":16}},"285":{"start":{"line":694,"column":16},"end":{"line":694,"column":27}},"286":{"start":{"line":696,"column":23},"end":{"line":696,"column":58}},"287":{"start":{"line":697,"column":24},"end":{"line":697,"column":61}},"288":{"start":{"line":699,"column":2},"end":{"line":699,"column":45}},"289":{"start":{"line":700,"column":2},"end":{"line":700,"column":18}},"290":{"start":{"line":701,"column":2},"end":{"line":701,"column":24}},"291":{"start":{"line":702,"column":2},"end":{"line":702,"column":32}},"292":{"start":{"line":703,"column":2},"end":{"line":703,"column":15}},"293":{"start":{"line":705,"column":2},"end":{"line":705,"column":28}},"294":{"start":{"line":706,"column":2},"end":{"line":706,"column":66}},"295":{"start":{"line":708,"column":2},"end":{"line":708,"column":28}},"296":{"start":{"line":709,"column":2},"end":{"line":714,"column":4}},"297":{"start":{"line":716,"column":2},"end":{"line":716,"column":28}},"298":{"start":{"line":717,"column":2},"end":{"line":717,"column":31}},"299":{"start":{"line":719,"column":2},"end":{"line":719,"column":51}},"300":{"start":{"line":720,"column":2},"end":{"line":720,"column":69}},"301":{"start":{"line":723,"column":2},"end":{"line":723,"column":71}},"302":{"start":{"line":724,"column":2},"end":{"line":728,"column":4}},"303":{"start":{"line":731,"column":18},"end":{"line":735,"column":1}},"304":{"start":{"line":732,"column":2},"end":{"line":732,"column":18}},"305":{"start":{"line":733,"column":2},"end":{"line":733,"column":23}},"306":{"start":{"line":734,"column":2},"end":{"line":734,"column":16}},"307":{"start":{"line":737,"column":20},"end":{"line":779,"column":1}},"308":{"start":{"line":738,"column":2},"end":{"line":742,"column":3}},"309":{"start":{"line":739,"column":4},"end":{"line":739,"column":42}},"310":{"start":{"line":741,"column":4},"end":{"line":741,"column":11}},"311":{"start":{"line":745,"column":18},"end":{"line":750,"column":3}},"312":{"start":{"line":754,"column":15},"end":{"line":759,"column":4}},"313":{"start":{"line":754,"column":46},"end":{"line":759,"column":3}},"314":{"start":{"line":761,"column":14},"end":{"line":765,"column":15}},"315":{"start":{"line":763,"column":6},"end":{"line":763,"column":76}},"316":{"start":{"line":763,"column":24},"end":{"line":763,"column":65}},"317":{"start":{"line":767,"column":15},"end":{"line":767,"column":67}},"318":{"start":{"line":768,"column":14},"end":{"line":768,"column":39}},"319":{"start":{"line":769,"column":15},"end":{"line":769,"column":42}},"320":{"start":{"line":771,"column":2},"end":{"line":771,"column":18}},"321":{"start":{"line":772,"column":2},"end":{"line":772,"column":37}},"322":{"start":{"line":773,"column":2},"end":{"line":773,"column":34}},"323":{"start":{"line":774,"column":2},"end":{"line":774,"column":15}},"324":{"start":{"line":775,"column":2},"end":{"line":775,"column":16}},"325":{"start":{"line":776,"column":2},"end":{"line":776,"column":27}},"326":{"start":{"line":777,"column":2},"end":{"line":777,"column":33}},"327":{"start":{"line":781,"column":22},"end":{"line":876,"column":1}},"328":{"start":{"line":783,"column":2},"end":{"line":783,"column":25}},"329":{"start":{"line":784,"column":2},"end":{"line":784,"column":14}},"330":{"start":{"line":785,"column":2},"end":{"line":785,"column":17}},"331":{"start":{"line":786,"column":2},"end":{"line":786,"column":14}},"332":{"start":{"line":789,"column":2},"end":{"line":791,"column":10}},"333":{"start":{"line":790,"column":4},"end":{"line":790,"column":44}},"334":{"start":{"line":793,"column":2},"end":{"line":796,"column":5}},"335":{"start":{"line":794,"column":2},"end":{"line":794,"column":21}},"336":{"start":{"line":795,"column":2},"end":{"line":795,"column":25}},"337":{"start":{"line":798,"column":2},"end":{"line":800,"column":5}},"338":{"start":{"line":799,"column":4},"end":{"line":799,"column":22}},"339":{"start":{"line":802,"column":2},"end":{"line":804,"column":5}},"340":{"start":{"line":803,"column":4},"end":{"line":803,"column":22}},"341":{"start":{"line":808,"column":2},"end":{"line":810,"column":5}},"342":{"start":{"line":809,"column":4},"end":{"line":809,"column":21}},"343":{"start":{"line":812,"column":2},"end":{"line":831,"column":5}},"344":{"start":{"line":813,"column":25},"end":{"line":813,"column":56}},"345":{"start":{"line":814,"column":23},"end":{"line":814,"column":52}},"346":{"start":{"line":815,"column":21},"end":{"line":815,"column":55}},"347":{"start":{"line":817,"column":21},"end":{"line":817,"column":46}},"348":{"start":{"line":818,"column":19},"end":{"line":818,"column":42}},"349":{"start":{"line":820,"column":4},"end":{"line":822,"column":5}},"350":{"start":{"line":821,"column":6},"end":{"line":821,"column":33}},"351":{"start":{"line":824,"column":4},"end":{"line":826,"column":5}},"352":{"start":{"line":825,"column":6},"end":{"line":825,"column":27}},"353":{"start":{"line":828,"column":4},"end":{"line":830,"column":5}},"354":{"start":{"line":829,"column":6},"end":{"line":829,"column":29}},"355":{"start":{"line":833,"column":2},"end":{"line":836,"column":5}},"356":{"start":{"line":834,"column":4},"end":{"line":834,"column":44}},"357":{"start":{"line":835,"column":4},"end":{"line":835,"column":25}},"358":{"start":{"line":838,"column":2},"end":{"line":841,"column":5}},"359":{"start":{"line":839,"column":4},"end":{"line":839,"column":40}},"360":{"start":{"line":840,"column":4},"end":{"line":840,"column":25}},"361":{"start":{"line":843,"column":2},"end":{"line":846,"column":5}},"362":{"start":{"line":844,"column":4},"end":{"line":844,"column":42}},"363":{"start":{"line":845,"column":4},"end":{"line":845,"column":25}},"364":{"start":{"line":848,"column":2},"end":{"line":854,"column":5}},"365":{"start":{"line":849,"column":4},"end":{"line":849,"column":65}},"366":{"start":{"line":850,"column":4},"end":{"line":850,"column":37}},"367":{"start":{"line":851,"column":4},"end":{"line":851,"column":33}},"368":{"start":{"line":852,"column":4},"end":{"line":852,"column":31}},"369":{"start":{"line":853,"column":4},"end":{"line":853,"column":25}},"370":{"start":{"line":856,"column":2},"end":{"line":856,"column":58}},"371":{"start":{"line":858,"column":2},"end":{"line":860,"column":5}},"372":{"start":{"line":859,"column":4},"end":{"line":859,"column":56}},"373":{"start":{"line":862,"column":2},"end":{"line":867,"column":5}},"374":{"start":{"line":863,"column":4},"end":{"line":865,"column":5}},"375":{"start":{"line":864,"column":6},"end":{"line":864,"column":47}},"376":{"start":{"line":866,"column":4},"end":{"line":866,"column":24}},"377":{"start":{"line":869,"column":2},"end":{"line":869,"column":67}},"378":{"start":{"line":871,"column":2},"end":{"line":875,"column":5}},"379":{"start":{"line":872,"column":4},"end":{"line":874,"column":5}},"380":{"start":{"line":873,"column":6},"end":{"line":873,"column":26}},"381":{"start":{"line":878,"column":0},"end":{"line":878,"column":16}}},"fnMap":{"0":{"name":"(anonymous_0)","decl":{"start":{"line":218,"column":10},"end":{"line":218,"column":11}},"loc":{"start":{"line":218,"column":38},"end":{"line":226,"column":1}},"line":218},"1":{"name":"(anonymous_1)","decl":{"start":{"line":221,"column":39},"end":{"line":221,"column":40}},"loc":{"start":{"line":221,"column":58},"end":{"line":223,"column":3}},"line":221},"2":{"name":"(anonymous_2)","decl":{"start":{"line":228,"column":26},"end":{"line":228,"column":27}},"loc":{"start":{"line":228,"column":32},"end":{"line":250,"column":1}},"line":228},"3":{"name":"(anonymous_3)","decl":{"start":{"line":231,"column":51},"end":{"line":231,"column":52}},"loc":{"start":{"line":231,"column":64},"end":{"line":233,"column":3}},"line":231},"4":{"name":"(anonymous_4)","decl":{"start":{"line":235,"column":63},"end":{"line":235,"column":64}},"loc":{"start":{"line":235,"column":76},"end":{"line":237,"column":3}},"line":235},"5":{"name":"(anonymous_5)","decl":{"start":{"line":252,"column":20},"end":{"line":252,"column":21}},"loc":{"start":{"line":252,"column":34},"end":{"line":257,"column":1}},"line":252},"6":{"name":"(anonymous_6)","decl":{"start":{"line":259,"column":21},"end":{"line":259,"column":22}},"loc":{"start":{"line":259,"column":27},"end":{"line":262,"column":1}},"line":259},"7":{"name":"(anonymous_7)","decl":{"start":{"line":264,"column":19},"end":{"line":264,"column":20}},"loc":{"start":{"line":264,"column":25},"end":{"line":266,"column":1}},"line":264},"8":{"name":"(anonymous_8)","decl":{"start":{"line":268,"column":27},"end":{"line":268,"column":28}},"loc":{"start":{"line":268,"column":33},"end":{"line":270,"column":1}},"line":268},"9":{"name":"(anonymous_9)","decl":{"start":{"line":272,"column":29},"end":{"line":272,"column":30}},"loc":{"start":{"line":272,"column":35},"end":{"line":275,"column":1}},"line":272},"10":{"name":"(anonymous_10)","decl":{"start":{"line":277,"column":18},"end":{"line":277,"column":19}},"loc":{"start":{"line":277,"column":24},"end":{"line":279,"column":1}},"line":277},"11":{"name":"(anonymous_11)","decl":{"start":{"line":281,"column":17},"end":{"line":281,"column":18}},"loc":{"start":{"line":281,"column":28},"end":{"line":287,"column":1}},"line":281},"12":{"name":"(anonymous_12)","decl":{"start":{"line":289,"column":18},"end":{"line":289,"column":19}},"loc":{"start":{"line":289,"column":24},"end":{"line":292,"column":1}},"line":289},"13":{"name":"(anonymous_13)","decl":{"start":{"line":294,"column":18},"end":{"line":294,"column":19}},"loc":{"start":{"line":294,"column":52},"end":{"line":303,"column":1}},"line":294},"14":{"name":"(anonymous_14)","decl":{"start":{"line":302,"column":13},"end":{"line":302,"column":14}},"loc":{"start":{"line":302,"column":19},"end":{"line":302,"column":33}},"line":302},"15":{"name":"(anonymous_15)","decl":{"start":{"line":305,"column":20},"end":{"line":305,"column":21}},"loc":{"start":{"line":305,"column":26},"end":{"line":317,"column":1}},"line":305},"16":{"name":"(anonymous_16)","decl":{"start":{"line":313,"column":17},"end":{"line":313,"column":18}},"loc":{"start":{"line":313,"column":39},"end":{"line":316,"column":3}},"line":313},"17":{"name":"(anonymous_17)","decl":{"start":{"line":319,"column":17},"end":{"line":319,"column":18}},"loc":{"start":{"line":319,"column":46},"end":{"line":322,"column":1}},"line":319},"18":{"name":"(anonymous_18)","decl":{"start":{"line":324,"column":21},"end":{"line":324,"column":22}},"loc":{"start":{"line":324,"column":27},"end":{"line":356,"column":1}},"line":324},"19":{"name":"(anonymous_19)","decl":{"start":{"line":358,"column":29},"end":{"line":358,"column":30}},"loc":{"start":{"line":358,"column":40},"end":{"line":360,"column":1}},"line":358},"20":{"name":"(anonymous_20)","decl":{"start":{"line":362,"column":25},"end":{"line":362,"column":26}},"loc":{"start":{"line":362,"column":40},"end":{"line":366,"column":1}},"line":362},"21":{"name":"(anonymous_21)","decl":{"start":{"line":368,"column":23},"end":{"line":368,"column":24}},"loc":{"start":{"line":368,"column":29},"end":{"line":376,"column":1}},"line":368},"22":{"name":"(anonymous_22)","decl":{"start":{"line":377,"column":23},"end":{"line":377,"column":24}},"loc":{"start":{"line":377,"column":35},"end":{"line":428,"column":1}},"line":377},"23":{"name":"(anonymous_23)","decl":{"start":{"line":394,"column":22},"end":{"line":394,"column":23}},"loc":{"start":{"line":394,"column":35},"end":{"line":394,"column":59}},"line":394},"24":{"name":"(anonymous_24)","decl":{"start":{"line":402,"column":50},"end":{"line":402,"column":51}},"loc":{"start":{"line":403,"column":8},"end":{"line":403,"column":81}},"line":403},"25":{"name":"(anonymous_25)","decl":{"start":{"line":432,"column":21},"end":{"line":432,"column":22}},"loc":{"start":{"line":432,"column":29},"end":{"line":449,"column":1}},"line":432},"26":{"name":"(anonymous_26)","decl":{"start":{"line":433,"column":46},"end":{"line":433,"column":47}},"loc":{"start":{"line":433,"column":54},"end":{"line":433,"column":66}},"line":433},"27":{"name":"(anonymous_27)","decl":{"start":{"line":451,"column":26},"end":{"line":451,"column":27}},"loc":{"start":{"line":451,"column":34},"end":{"line":456,"column":1}},"line":451},"28":{"name":"(anonymous_28)","decl":{"start":{"line":452,"column":49},"end":{"line":452,"column":50}},"loc":{"start":{"line":452,"column":57},"end":{"line":452,"column":69}},"line":452},"29":{"name":"(anonymous_29)","decl":{"start":{"line":458,"column":25},"end":{"line":458,"column":26}},"loc":{"start":{"line":458,"column":33},"end":{"line":462,"column":1}},"line":458},"30":{"name":"(anonymous_30)","decl":{"start":{"line":464,"column":26},"end":{"line":464,"column":27}},"loc":{"start":{"line":464,"column":32},"end":{"line":468,"column":1}},"line":464},"31":{"name":"(anonymous_31)","decl":{"start":{"line":470,"column":22},"end":{"line":470,"column":23}},"loc":{"start":{"line":470,"column":28},"end":{"line":486,"column":1}},"line":470},"32":{"name":"(anonymous_32)","decl":{"start":{"line":471,"column":41},"end":{"line":471,"column":42}},"loc":{"start":{"line":471,"column":49},"end":{"line":471,"column":58}},"line":471},"33":{"name":"(anonymous_33)","decl":{"start":{"line":474,"column":12},"end":{"line":474,"column":13}},"loc":{"start":{"line":474,"column":24},"end":{"line":474,"column":34}},"line":474},"34":{"name":"(anonymous_34)","decl":{"start":{"line":475,"column":12},"end":{"line":475,"column":13}},"loc":{"start":{"line":475,"column":29},"end":{"line":475,"column":41}},"line":475},"35":{"name":"(anonymous_35)","decl":{"start":{"line":478,"column":12},"end":{"line":478,"column":13}},"loc":{"start":{"line":478,"column":24},"end":{"line":478,"column":34}},"line":478},"36":{"name":"(anonymous_36)","decl":{"start":{"line":479,"column":12},"end":{"line":479,"column":13}},"loc":{"start":{"line":479,"column":29},"end":{"line":479,"column":41}},"line":479},"37":{"name":"(anonymous_37)","decl":{"start":{"line":488,"column":27},"end":{"line":488,"column":28}},"loc":{"start":{"line":488,"column":33},"end":{"line":536,"column":1}},"line":488},"38":{"name":"(anonymous_38)","decl":{"start":{"line":520,"column":17},"end":{"line":520,"column":18}},"loc":{"start":{"line":520,"column":28},"end":{"line":535,"column":3}},"line":520},"39":{"name":"(anonymous_39)","decl":{"start":{"line":530,"column":24},"end":{"line":530,"column":25}},"loc":{"start":{"line":530,"column":32},"end":{"line":532,"column":5}},"line":530},"40":{"name":"(anonymous_40)","decl":{"start":{"line":538,"column":30},"end":{"line":538,"column":31}},"loc":{"start":{"line":538,"column":38},"end":{"line":602,"column":1}},"line":538},"41":{"name":"(anonymous_41)","decl":{"start":{"line":556,"column":27},"end":{"line":556,"column":28}},"loc":{"start":{"line":556,"column":41},"end":{"line":558,"column":3}},"line":556},"42":{"name":"(anonymous_42)","decl":{"start":{"line":604,"column":27},"end":{"line":604,"column":28}},"loc":{"start":{"line":604,"column":33},"end":{"line":619,"column":1}},"line":604},"43":{"name":"(anonymous_43)","decl":{"start":{"line":607,"column":35},"end":{"line":607,"column":36}},"loc":{"start":{"line":607,"column":43},"end":{"line":618,"column":3}},"line":607},"44":{"name":"(anonymous_44)","decl":{"start":{"line":621,"column":21},"end":{"line":621,"column":22}},"loc":{"start":{"line":621,"column":39},"end":{"line":648,"column":1}},"line":621},"45":{"name":"(anonymous_45)","decl":{"start":{"line":623,"column":4},"end":{"line":623,"column":5}},"loc":{"start":{"line":623,"column":14},"end":{"line":623,"column":49}},"line":623},"46":{"name":"(anonymous_46)","decl":{"start":{"line":629,"column":17},"end":{"line":629,"column":18}},"loc":{"start":{"line":629,"column":25},"end":{"line":645,"column":3}},"line":629},"47":{"name":"(anonymous_47)","decl":{"start":{"line":650,"column":23},"end":{"line":650,"column":24}},"loc":{"start":{"line":650,"column":35},"end":{"line":655,"column":1}},"line":650},"48":{"name":"(anonymous_48)","decl":{"start":{"line":657,"column":19},"end":{"line":657,"column":20}},"loc":{"start":{"line":657,"column":35},"end":{"line":664,"column":1}},"line":657},"49":{"name":"(anonymous_49)","decl":{"start":{"line":666,"column":20},"end":{"line":666,"column":21}},"loc":{"start":{"line":666,"column":26},"end":{"line":729,"column":1}},"line":666},"50":{"name":"(anonymous_50)","decl":{"start":{"line":685,"column":41},"end":{"line":685,"column":42}},"loc":{"start":{"line":685,"column":49},"end":{"line":685,"column":58}},"line":685},"51":{"name":"(anonymous_51)","decl":{"start":{"line":686,"column":32},"end":{"line":686,"column":33}},"loc":{"start":{"line":686,"column":39},"end":{"line":686,"column":44}},"line":686},"52":{"name":"(anonymous_52)","decl":{"start":{"line":686,"column":53},"end":{"line":686,"column":54}},"loc":{"start":{"line":686,"column":63},"end":{"line":686,"column":68}},"line":686},"53":{"name":"(anonymous_53)","decl":{"start":{"line":688,"column":19},"end":{"line":688,"column":20}},"loc":{"start":{"line":688,"column":26},"end":{"line":688,"column":31}},"line":688},"54":{"name":"(anonymous_54)","decl":{"start":{"line":688,"column":40},"end":{"line":688,"column":41}},"loc":{"start":{"line":688,"column":50},"end":{"line":688,"column":55}},"line":688},"55":{"name":"(anonymous_55)","decl":{"start":{"line":731,"column":18},"end":{"line":731,"column":19}},"loc":{"start":{"line":731,"column":24},"end":{"line":735,"column":1}},"line":731},"56":{"name":"(anonymous_56)","decl":{"start":{"line":737,"column":20},"end":{"line":737,"column":21}},"loc":{"start":{"line":737,"column":26},"end":{"line":779,"column":1}},"line":737},"57":{"name":"(anonymous_57)","decl":{"start":{"line":754,"column":38},"end":{"line":754,"column":39}},"loc":{"start":{"line":754,"column":46},"end":{"line":759,"column":3}},"line":754},"58":{"name":"(anonymous_58)","decl":{"start":{"line":762,"column":9},"end":{"line":762,"column":10}},"loc":{"start":{"line":763,"column":6},"end":{"line":763,"column":76}},"line":763},"59":{"name":"(anonymous_59)","decl":{"start":{"line":763,"column":14},"end":{"line":763,"column":15}},"loc":{"start":{"line":763,"column":24},"end":{"line":763,"column":65}},"line":763},"60":{"name":"(anonymous_60)","decl":{"start":{"line":781,"column":22},"end":{"line":781,"column":23}},"loc":{"start":{"line":781,"column":28},"end":{"line":876,"column":1}},"line":781},"61":{"name":"(anonymous_61)","decl":{"start":{"line":789,"column":13},"end":{"line":789,"column":14}},"loc":{"start":{"line":789,"column":19},"end":{"line":791,"column":3}},"line":789},"62":{"name":"(anonymous_62)","decl":{"start":{"line":793,"column":38},"end":{"line":793,"column":39}},"loc":{"start":{"line":793,"column":51},"end":{"line":796,"column":3}},"line":793},"63":{"name":"(anonymous_63)","decl":{"start":{"line":798,"column":42},"end":{"line":798,"column":43}},"loc":{"start":{"line":798,"column":48},"end":{"line":800,"column":3}},"line":798},"64":{"name":"(anonymous_64)","decl":{"start":{"line":802,"column":42},"end":{"line":802,"column":43}},"loc":{"start":{"line":802,"column":48},"end":{"line":804,"column":3}},"line":802},"65":{"name":"(anonymous_65)","decl":{"start":{"line":808,"column":46},"end":{"line":808,"column":47}},"loc":{"start":{"line":808,"column":52},"end":{"line":810,"column":3}},"line":808},"66":{"name":"(anonymous_66)","decl":{"start":{"line":812,"column":49},"end":{"line":812,"column":50}},"loc":{"start":{"line":812,"column":56},"end":{"line":831,"column":3}},"line":812},"67":{"name":"(anonymous_67)","decl":{"start":{"line":833,"column":48},"end":{"line":833,"column":49}},"loc":{"start":{"line":833,"column":55},"end":{"line":836,"column":3}},"line":833},"68":{"name":"(anonymous_68)","decl":{"start":{"line":838,"column":44},"end":{"line":838,"column":45}},"loc":{"start":{"line":838,"column":51},"end":{"line":841,"column":3}},"line":838},"69":{"name":"(anonymous_69)","decl":{"start":{"line":843,"column":44},"end":{"line":843,"column":45}},"loc":{"start":{"line":843,"column":51},"end":{"line":846,"column":3}},"line":843},"70":{"name":"(anonymous_70)","decl":{"start":{"line":848,"column":48},"end":{"line":848,"column":49}},"loc":{"start":{"line":848,"column":54},"end":{"line":854,"column":3}},"line":848},"71":{"name":"(anonymous_71)","decl":{"start":{"line":858,"column":47},"end":{"line":858,"column":48}},"loc":{"start":{"line":858,"column":53},"end":{"line":860,"column":3}},"line":858},"72":{"name":"(anonymous_72)","decl":{"start":{"line":862,"column":49},"end":{"line":862,"column":50}},"loc":{"start":{"line":862,"column":55},"end":{"line":867,"column":3}},"line":862},"73":{"name":"(anonymous_73)","decl":{"start":{"line":871,"column":45},"end":{"line":871,"column":46}},"loc":{"start":{"line":871,"column":52},"end":{"line":875,"column":3}},"line":871}},"branchMap":{"0":{"loc":{"start":{"line":218,"column":16},"end":{"line":218,"column":33}},"type":"default-arg","locations":[{"start":{"line":218,"column":31},"end":{"line":218,"column":33}}],"line":218},"1":{"loc":{"start":{"line":219,"column":13},"end":{"line":219,"column":79}},"type":"binary-expr","locations":[{"start":{"line":219,"column":13},"end":{"line":219,"column":48}},{"start":{"line":219,"column":52},"end":{"line":219,"column":72}},{"start":{"line":219,"column":76},"end":{"line":219,"column":79}}],"line":219},"2":{"loc":{"start":{"line":243,"column":4},"end":{"line":243,"column":64}},"type":"cond-expr","locations":[{"start":{"line":243,"column":30},"end":{"line":243,"column":45}},{"start":{"line":243,"column":48},"end":{"line":243,"column":64}}],"line":243},"3":{"loc":{"start":{"line":245,"column":2},"end":{"line":249,"column":3}},"type":"if","locations":[{"start":{"line":245,"column":2},"end":{"line":249,"column":3}},{"start":{"line":247,"column":9},"end":{"line":249,"column":3}}],"line":245},"4":{"loc":{"start":{"line":260,"column":19},"end":{"line":260,"column":61}},"type":"binary-expr","locations":[{"start":{"line":260,"column":19},"end":{"line":260,"column":53}},{"start":{"line":260,"column":57},"end":{"line":260,"column":61}}],"line":260},"5":{"loc":{"start":{"line":274,"column":23},"end":{"line":274,"column":55}},"type":"cond-expr","locations":[{"start":{"line":274,"column":32},"end":{"line":274,"column":50}},{"start":{"line":274,"column":53},"end":{"line":274,"column":55}}],"line":274},"6":{"loc":{"start":{"line":285,"column":4},"end":{"line":285,"column":58}},"type":"cond-expr","locations":[{"start":{"line":285,"column":24},"end":{"line":285,"column":39}},{"start":{"line":285,"column":42},"end":{"line":285,"column":58}}],"line":285},"7":{"loc":{"start":{"line":291,"column":11},"end":{"line":291,"column":32}},"type":"binary-expr","locations":[{"start":{"line":291,"column":11},"end":{"line":291,"column":22}},{"start":{"line":291,"column":26},"end":{"line":291,"column":32}}],"line":291},"8":{"loc":{"start":{"line":294,"column":28},"end":{"line":294,"column":47}},"type":"default-arg","locations":[{"start":{"line":294,"column":38},"end":{"line":294,"column":47}}],"line":294},"9":{"loc":{"start":{"line":298,"column":29},"end":{"line":298,"column":69}},"type":"cond-expr","locations":[{"start":{"line":298,"column":51},"end":{"line":298,"column":58}},{"start":{"line":298,"column":61},"end":{"line":298,"column":69}}],"line":298},"10":{"loc":{"start":{"line":299,"column":34},"end":{"line":299,"column":78}},"type":"cond-expr","locations":[{"start":{"line":299,"column":56},"end":{"line":299,"column":67}},{"start":{"line":299,"column":70},"end":{"line":299,"column":78}}],"line":299},"11":{"loc":{"start":{"line":335,"column":2},"end":{"line":338,"column":3}},"type":"if","locations":[{"start":{"line":335,"column":2},"end":{"line":338,"column":3}},{"start":{},"end":{}}],"line":335},"12":{"loc":{"start":{"line":340,"column":2},"end":{"line":343,"column":3}},"type":"if","locations":[{"start":{"line":340,"column":2},"end":{"line":343,"column":3}},{"start":{},"end":{}}],"line":340},"13":{"loc":{"start":{"line":340,"column":6},"end":{"line":340,"column":58}},"type":"binary-expr","locations":[{"start":{"line":340,"column":6},"end":{"line":340,"column":18}},{"start":{"line":340,"column":22},"end":{"line":340,"column":42}},{"start":{"line":340,"column":46},"end":{"line":340,"column":58}}],"line":340},"14":{"loc":{"start":{"line":345,"column":2},"end":{"line":348,"column":3}},"type":"if","locations":[{"start":{"line":345,"column":2},"end":{"line":348,"column":3}},{"start":{},"end":{}}],"line":345},"15":{"loc":{"start":{"line":350,"column":2},"end":{"line":353,"column":3}},"type":"if","locations":[{"start":{"line":350,"column":2},"end":{"line":353,"column":3}},{"start":{},"end":{}}],"line":350},"16":{"loc":{"start":{"line":378,"column":2},"end":{"line":378,"column":33}},"type":"if","locations":[{"start":{"line":378,"column":2},"end":{"line":378,"column":33}},{"start":{},"end":{}}],"line":378},"17":{"loc":{"start":{"line":380,"column":2},"end":{"line":384,"column":3}},"type":"if","locations":[{"start":{"line":380,"column":2},"end":{"line":384,"column":3}},{"start":{},"end":{}}],"line":380},"18":{"loc":{"start":{"line":390,"column":23},"end":{"line":390,"column":85}},"type":"cond-expr","locations":[{"start":{"line":390,"column":36},"end":{"line":390,"column":59}},{"start":{"line":390,"column":62},"end":{"line":390,"column":85}}],"line":390},"19":{"loc":{"start":{"line":401,"column":4},"end":{"line":419,"column":5}},"type":"if","locations":[{"start":{"line":401,"column":4},"end":{"line":419,"column":5}},{"start":{"line":407,"column":11},"end":{"line":419,"column":5}}],"line":401},"20":{"loc":{"start":{"line":403,"column":8},"end":{"line":403,"column":81}},"type":"cond-expr","locations":[{"start":{"line":403,"column":36},"end":{"line":403,"column":76}},{"start":{"line":403,"column":79},"end":{"line":403,"column":81}}],"line":403},"21":{"loc":{"start":{"line":434,"column":2},"end":{"line":434,"column":27}},"type":"if","locations":[{"start":{"line":434,"column":2},"end":{"line":434,"column":27}},{"start":{},"end":{}}],"line":434},"22":{"loc":{"start":{"line":497,"column":2},"end":{"line":516,"column":3}},"type":"if","locations":[{"start":{"line":497,"column":2},"end":{"line":516,"column":3}},{"start":{},"end":{}}],"line":497},"23":{"loc":{"start":{"line":539,"column":20},"end":{"line":539,"column":73}},"type":"cond-expr","locations":[{"start":{"line":539,"column":37},"end":{"line":539,"column":53}},{"start":{"line":539,"column":56},"end":{"line":539,"column":73}}],"line":539},"24":{"loc":{"start":{"line":557,"column":13},"end":{"line":557,"column":49}},"type":"binary-expr","locations":[{"start":{"line":557,"column":13},"end":{"line":557,"column":37}},{"start":{"line":557,"column":41},"end":{"line":557,"column":49}}],"line":557},"25":{"loc":{"start":{"line":608,"column":28},"end":{"line":608,"column":74}},"type":"binary-expr","locations":[{"start":{"line":608,"column":28},"end":{"line":608,"column":46}},{"start":{"line":608,"column":50},"end":{"line":608,"column":74}}],"line":608},"26":{"loc":{"start":{"line":611,"column":6},"end":{"line":613,"column":43}},"type":"binary-expr","locations":[{"start":{"line":611,"column":6},"end":{"line":611,"column":20}},{"start":{"line":612,"column":7},"end":{"line":612,"column":24}},{"start":{"line":612,"column":28},"end":{"line":612,"column":41}},{"start":{"line":613,"column":7},"end":{"line":613,"column":25}},{"start":{"line":613,"column":29},"end":{"line":613,"column":42}}],"line":611},"27":{"loc":{"start":{"line":617,"column":11},"end":{"line":617,"column":58}},"type":"binary-expr","locations":[{"start":{"line":617,"column":11},"end":{"line":617,"column":26}},{"start":{"line":617,"column":30},"end":{"line":617,"column":41}},{"start":{"line":617,"column":45},"end":{"line":617,"column":58}}],"line":617},"28":{"loc":{"start":{"line":631,"column":6},"end":{"line":631,"column":49}},"type":"cond-expr","locations":[{"start":{"line":631,"column":32},"end":{"line":631,"column":39}},{"start":{"line":631,"column":42},"end":{"line":631,"column":49}}],"line":631},"29":{"loc":{"start":{"line":639,"column":4},"end":{"line":642,"column":5}},"type":"if","locations":[{"start":{"line":639,"column":4},"end":{"line":642,"column":5}},{"start":{},"end":{}}],"line":639},"30":{"loc":{"start":{"line":651,"column":31},"end":{"line":651,"column":74}},"type":"cond-expr","locations":[{"start":{"line":651,"column":57},"end":{"line":651,"column":64}},{"start":{"line":651,"column":67},"end":{"line":651,"column":74}}],"line":651},"31":{"loc":{"start":{"line":659,"column":33},"end":{"line":659,"column":76}},"type":"cond-expr","locations":[{"start":{"line":659,"column":59},"end":{"line":659,"column":66}},{"start":{"line":659,"column":69},"end":{"line":659,"column":76}}],"line":659},"32":{"loc":{"start":{"line":668,"column":2},"end":{"line":668,"column":22}},"type":"if","locations":[{"start":{"line":668,"column":2},"end":{"line":668,"column":22}},{"start":{},"end":{}}],"line":668},"33":{"loc":{"start":{"line":671,"column":14},"end":{"line":671,"column":42}},"type":"binary-expr","locations":[{"start":{"line":671,"column":14},"end":{"line":671,"column":37}},{"start":{"line":671,"column":41},"end":{"line":671,"column":42}}],"line":671},"34":{"loc":{"start":{"line":738,"column":2},"end":{"line":742,"column":3}},"type":"if","locations":[{"start":{"line":738,"column":2},"end":{"line":742,"column":3}},{"start":{},"end":{}}],"line":738},"35":{"loc":{"start":{"line":820,"column":4},"end":{"line":822,"column":5}},"type":"if","locations":[{"start":{"line":820,"column":4},"end":{"line":822,"column":5}},{"start":{},"end":{}}],"line":820},"36":{"loc":{"start":{"line":824,"column":4},"end":{"line":826,"column":5}},"type":"if","locations":[{"start":{"line":824,"column":4},"end":{"line":826,"column":5}},{"start":{},"end":{}}],"line":824},"37":{"loc":{"start":{"line":828,"column":4},"end":{"line":830,"column":5}},"type":"if","locations":[{"start":{"line":828,"column":4},"end":{"line":830,"column":5}},{"start":{},"end":{}}],"line":828},"38":{"loc":{"start":{"line":859,"column":13},"end":{"line":859,"column":54}},"type":"cond-expr","locations":[{"start":{"line":859,"column":38},"end":{"line":859,"column":45}},{"start":{"line":859,"column":48},"end":{"line":859,"column":54}}],"line":859},"39":{"loc":{"start":{"line":863,"column":4},"end":{"line":865,"column":5}},"type":"if","locations":[{"start":{"line":863,"column":4},"end":{"line":865,"column":5}},{"start":{},"end":{}}],"line":863},"40":{"loc":{"start":{"line":872,"column":4},"end":{"line":874,"column":5}},"type":"if","locations":[{"start":{"line":872,"column":4},"end":{"line":874,"column":5}},{"start":{},"end":{}}],"line":872}},"s":{"0":23,"1":23,"2":23,"3":23,"4":23,"5":23,"6":23,"7":499,"8":499,"9":58,"10":499,"11":23,"12":27,"13":27,"14":0,"15":27,"16":0,"17":27,"18":27,"19":27,"20":27,"21":1,"22":26,"23":23,"24":4,"25":4,"26":4,"27":4,"28":23,"29":23,"30":23,"31":23,"32":23,"33":23,"34":25,"35":23,"36":23,"37":23,"38":23,"39":24,"40":23,"41":24,"42":24,"43":24,"44":24,"45":23,"46":23,"47":23,"48":23,"49":31,"50":31,"51":31,"52":31,"53":31,"54":31,"55":31,"56":0,"57":23,"58":50,"59":50,"60":200,"61":200,"62":23,"63":4,"64":4,"65":23,"66":25,"67":25,"68":25,"69":25,"70":25,"71":25,"72":25,"73":25,"74":1,"75":1,"76":25,"77":1,"78":1,"79":25,"80":1,"81":1,"82":25,"83":1,"84":1,"85":25,"86":23,"87":79,"88":23,"89":73,"90":73,"91":73,"92":23,"93":25,"94":25,"95":25,"96":25,"97":25,"98":25,"99":23,"100":25,"101":0,"102":25,"103":1,"104":1,"105":24,"106":24,"107":24,"108":24,"109":24,"110":24,"111":24,"112":24,"113":24,"114":24,"115":24,"116":24,"117":1,"118":1,"119":1,"120":23,"121":23,"122":23,"123":24,"124":24,"125":24,"126":24,"127":24,"128":23,"129":3,"130":3,"131":3,"132":0,"133":3,"134":3,"135":3,"136":3,"137":3,"138":3,"139":3,"140":3,"141":3,"142":23,"143":1,"144":1,"145":1,"146":1,"147":1,"148":23,"149":3,"150":3,"151":3,"152":23,"153":3,"154":3,"155":3,"156":23,"157":52,"158":31,"159":52,"160":31,"161":22,"162":52,"163":31,"164":9,"165":52,"166":52,"167":52,"168":52,"169":23,"170":58,"171":58,"172":58,"173":58,"174":27,"175":27,"176":27,"177":27,"178":27,"179":27,"180":27,"181":27,"182":27,"183":27,"184":27,"185":27,"186":27,"187":27,"188":31,"189":31,"190":31,"191":31,"192":31,"193":31,"194":31,"195":31,"196":31,"197":38,"198":31,"199":23,"200":38,"201":38,"202":38,"203":38,"204":38,"205":38,"206":38,"207":38,"208":38,"209":38,"210":38,"211":38,"212":38,"213":38,"214":38,"215":38,"216":38,"217":38,"218":38,"219":38,"220":38,"221":38,"222":38,"223":38,"224":38,"225":38,"226":38,"227":38,"228":38,"229":38,"230":38,"231":38,"232":38,"233":38,"234":38,"235":38,"236":23,"237":58,"238":58,"239":43,"240":43,"241":43,"242":43,"243":23,"244":31,"245":7,"246":31,"247":31,"248":31,"249":38,"250":38,"251":31,"252":31,"253":38,"254":31,"255":23,"256":298,"257":23,"258":38,"259":38,"260":23,"261":52,"262":52,"263":0,"264":52,"265":52,"266":52,"267":52,"268":52,"269":52,"270":52,"271":52,"272":52,"273":52,"274":52,"275":31,"276":52,"277":31,"278":22,"279":52,"280":31,"281":9,"282":52,"283":52,"284":52,"285":52,"286":52,"287":52,"288":52,"289":52,"290":52,"291":52,"292":52,"293":52,"294":52,"295":52,"296":52,"297":52,"298":52,"299":52,"300":52,"301":52,"302":52,"303":23,"304":52,"305":52,"306":52,"307":23,"308":2,"309":1,"310":1,"311":1,"312":1,"313":1,"314":1,"315":2,"316":8,"317":1,"318":1,"319":1,"320":1,"321":1,"322":1,"323":1,"324":1,"325":1,"326":1,"327":23,"328":23,"329":23,"330":23,"331":23,"332":23,"333":23,"334":23,"335":25,"336":25,"337":23,"338":1,"339":23,"340":3,"341":23,"342":1,"343":23,"344":7,"345":7,"346":7,"347":7,"348":7,"349":7,"350":3,"351":7,"352":3,"353":7,"354":1,"355":23,"356":1,"357":1,"358":23,"359":2,"360":2,"361":23,"362":2,"363":2,"364":23,"365":1,"366":1,"367":1,"368":1,"369":1,"370":23,"371":23,"372":1,"373":23,"374":1,"375":1,"376":1,"377":23,"378":23,"379":1,"380":1,"381":23},"f":{"0":499,"1":58,"2":27,"3":0,"4":0,"5":4,"6":23,"7":23,"8":25,"9":23,"10":24,"11":24,"12":23,"13":31,"14":0,"15":50,"16":200,"17":4,"18":25,"19":79,"20":73,"21":25,"22":25,"23":24,"24":1,"25":3,"26":3,"27":1,"28":1,"29":3,"30":3,"31":52,"32":31,"33":31,"34":22,"35":31,"36":9,"37":58,"38":31,"39":38,"40":38,"41":38,"42":58,"43":43,"44":31,"45":7,"46":38,"47":298,"48":38,"49":52,"50":31,"51":31,"52":22,"53":31,"54":9,"55":52,"56":2,"57":1,"58":2,"59":8,"60":23,"61":23,"62":25,"63":1,"64":3,"65":1,"66":7,"67":1,"68":2,"69":2,"70":1,"71":1,"72":1,"73":1},"b":{"0":[441],"1":[499,0,0],"2":[0,27],"3":[1,26],"4":[23,23],"5":[0,23],"6":[1,23],"7":[23,23],"8":[29],"9":[2,29],"10":[2,29],"11":[1,24],"12":[1,24],"13":[25,24,24],"14":[1,24],"15":[1,24],"16":[0,25],"17":[1,24],"18":[1,23],"19":[1,23],"20":[1,0],"21":[0,3],"22":[27,31],"23":[24,14],"24":[38,0],"25":[43,2],"26":[43,4,2,3,2],"27":[43,42,40],"28":[1,37],"29":[31,7],"30":[16,282],"31":[1,37],"32":[0,52],"33":[52,0],"34":[1,1],"35":[3,4],"36":[3,4],"37":[1,6],"38":[1,0],"39":[1,0],"40":[1,0]},"_coverageSchema":"1a1c01bbd47fc00a2c39e90264f33305004495a9","hash":"989c855f7680b5b9c91bf49b41a1f163ba6c0040"}
}
