TN:
SF:main.js
FN:218,(anonymous_0)
FN:221,(anonymous_1)
FN:228,(anonymous_2)
FN:231,(anonymous_3)
FN:235,(anonymous_4)
FN:252,(anonymous_5)
FN:259,(anonymous_6)
FN:264,(anonymous_7)
FN:268,(anonymous_8)
FN:272,(anonymous_9)
FN:277,(anonymous_10)
FN:281,(anonymous_11)
FN:289,(anonymous_12)
FN:294,(anonymous_13)
FN:302,(anonymous_14)
FN:305,(anonymous_15)
FN:313,(anonymous_16)
FN:319,(anonymous_17)
FN:324,(anonymous_18)
FN:358,(anonymous_19)
FN:362,(anonymous_20)
FN:368,(anonymous_21)
FN:377,(anonymous_22)
FN:394,(anonymous_23)
FN:402,(anonymous_24)
FN:432,(anonymous_25)
FN:433,(anonymous_26)
FN:451,(anonymous_27)
FN:452,(anonymous_28)
FN:458,(anonymous_29)
FN:464,(anonymous_30)
FN:470,(anonymous_31)
FN:471,(anonymous_32)
FN:474,(anonymous_33)
FN:475,(anonymous_34)
FN:478,(anonymous_35)
FN:479,(anonymous_36)
FN:488,(anonymous_37)
FN:520,(anonymous_38)
FN:530,(anonymous_39)
FN:538,(anonymous_40)
FN:556,(anonymous_41)
FN:604,(anonymous_42)
FN:607,(anonymous_43)
FN:621,(anonymous_44)
FN:623,(anonymous_45)
FN:629,(anonymous_46)
FN:650,(anonymous_47)
FN:657,(anonymous_48)
FN:666,(anonymous_49)
FN:685,(anonymous_50)
FN:686,(anonymous_51)
FN:686,(anonymous_52)
FN:688,(anonymous_53)
FN:688,(anonymous_54)
FN:731,(anonymous_55)
FN:737,(anonymous_56)
FN:754,(anonymous_57)
FN:762,(anonymous_58)
FN:763,(anonymous_59)
FN:781,(anonymous_60)
FN:789,(anonymous_61)
FN:793,(anonymous_62)
FN:798,(anonymous_63)
FN:802,(anonymous_64)
FN:808,(anonymous_65)
FN:812,(anonymous_66)
FN:833,(anonymous_67)
FN:838,(anonymous_68)
FN:843,(anonymous_69)
FN:848,(anonymous_70)
FN:858,(anonymous_71)
FN:862,(anonymous_72)
FN:871,(anonymous_73)
FNF:74
FNH:71
FNDA:499,(anonymous_0)
FNDA:58,(anonymous_1)
FNDA:27,(anonymous_2)
FNDA:0,(anonymous_3)
FNDA:0,(anonymous_4)
FNDA:4,(anonymous_5)
FNDA:23,(anonymous_6)
FNDA:23,(anonymous_7)
FNDA:25,(anonymous_8)
FNDA:23,(anonymous_9)
FNDA:24,(anonymous_10)
FNDA:24,(anonymous_11)
FNDA:23,(anonymous_12)
FNDA:31,(anonymous_13)
FNDA:0,(anonymous_14)
FNDA:50,(anonymous_15)
FNDA:200,(anonymous_16)
FNDA:4,(anonymous_17)
FNDA:25,(anonymous_18)
FNDA:79,(anonymous_19)
FNDA:73,(anonymous_20)
FNDA:25,(anonymous_21)
FNDA:25,(anonymous_22)
FNDA:24,(anonymous_23)
FNDA:1,(anonymous_24)
FNDA:3,(anonymous_25)
FNDA:3,(anonymous_26)
FNDA:1,(anonymous_27)
FNDA:1,(anonymous_28)
FNDA:3,(anonymous_29)
FNDA:3,(anonymous_30)
FNDA:52,(anonymous_31)
FNDA:31,(anonymous_32)
FNDA:31,(anonymous_33)
FNDA:22,(anonymous_34)
FNDA:31,(anonymous_35)
FNDA:9,(anonymous_36)
FNDA:58,(anonymous_37)
FNDA:31,(anonymous_38)
FNDA:38,(anonymous_39)
FNDA:38,(anonymous_40)
FNDA:38,(anonymous_41)
FNDA:58,(anonymous_42)
FNDA:43,(anonymous_43)
FNDA:31,(anonymous_44)
FNDA:7,(anonymous_45)
FNDA:38,(anonymous_46)
FNDA:298,(anonymous_47)
FNDA:38,(anonymous_48)
FNDA:52,(anonymous_49)
FNDA:31,(anonymous_50)
FNDA:31,(anonymous_51)
FNDA:22,(anonymous_52)
FNDA:31,(anonymous_53)
FNDA:9,(anonymous_54)
FNDA:52,(anonymous_55)
FNDA:2,(anonymous_56)
FNDA:1,(anonymous_57)
FNDA:2,(anonymous_58)
FNDA:8,(anonymous_59)
FNDA:23,(anonymous_60)
FNDA:23,(anonymous_61)
FNDA:25,(anonymous_62)
FNDA:1,(anonymous_63)
FNDA:3,(anonymous_64)
FNDA:1,(anonymous_65)
FNDA:7,(anonymous_66)
FNDA:1,(anonymous_67)
FNDA:2,(anonymous_68)
FNDA:2,(anonymous_69)
FNDA:1,(anonymous_70)
FNDA:1,(anonymous_71)
FNDA:1,(anonymous_72)
FNDA:1,(anonymous_73)
DA:3,23
DA:4,23
DA:5,23
DA:7,23
DA:21,23
DA:54,23
DA:218,23
DA:219,499
DA:221,499
DA:222,58
DA:225,499
DA:228,23
DA:229,27
DA:231,27
DA:232,0
DA:235,27
DA:236,0
DA:239,27
DA:240,27
DA:242,27
DA:245,27
DA:246,1
DA:248,26
DA:252,23
DA:253,4
DA:254,4
DA:255,4
DA:256,4
DA:259,23
DA:260,23
DA:261,23
DA:264,23
DA:265,23
DA:268,23
DA:269,25
DA:272,23
DA:273,23
DA:274,23
DA:277,23
DA:278,24
DA:281,23
DA:282,24
DA:283,24
DA:284,24
DA:286,24
DA:289,23
DA:290,23
DA:291,23
DA:294,23
DA:295,31
DA:296,31
DA:297,31
DA:298,31
DA:299,31
DA:301,31
DA:302,31
DA:305,23
DA:306,50
DA:313,50
DA:314,200
DA:315,200
DA:319,23
DA:320,4
DA:321,4
DA:324,23
DA:325,25
DA:327,25
DA:328,25
DA:329,25
DA:330,25
DA:331,25
DA:333,25
DA:335,25
DA:336,1
DA:337,1
DA:340,25
DA:341,1
DA:342,1
DA:345,25
DA:346,1
DA:347,1
DA:350,25
DA:351,1
DA:352,1
DA:355,25
DA:358,23
DA:359,79
DA:362,23
DA:363,73
DA:364,73
DA:365,73
DA:368,23
DA:369,25
DA:370,25
DA:371,25
DA:373,25
DA:374,25
DA:375,25
DA:377,23
DA:378,25
DA:380,25
DA:381,1
DA:383,1
DA:386,24
DA:387,24
DA:389,24
DA:390,24
DA:393,24
DA:394,24
DA:396,24
DA:397,24
DA:398,24
DA:399,24
DA:401,24
DA:402,1
DA:403,1
DA:405,1
DA:408,23
DA:416,23
DA:418,23
DA:421,24
DA:422,24
DA:423,24
DA:425,24
DA:426,24
DA:432,23
DA:433,3
DA:434,3
DA:436,3
DA:437,3
DA:438,3
DA:439,3
DA:441,3
DA:444,3
DA:445,3
DA:446,3
DA:447,3
DA:451,23
DA:452,1
DA:453,1
DA:454,1
DA:455,1
DA:458,23
DA:459,3
DA:460,3
DA:461,3
DA:464,23
DA:465,3
DA:466,3
DA:467,3
DA:470,23
DA:471,52
DA:473,52
DA:474,31
DA:475,22
DA:477,52
DA:478,31
DA:479,9
DA:481,52
DA:483,52
DA:484,52
DA:485,52
DA:488,23
DA:489,58
DA:491,58
DA:495,58
DA:497,58
DA:498,27
DA:499,27
DA:501,27
DA:502,27
DA:503,27
DA:505,27
DA:506,27
DA:508,27
DA:509,27
DA:510,27
DA:511,27
DA:513,27
DA:514,27
DA:515,27
DA:518,31
DA:520,31
DA:521,31
DA:522,31
DA:524,31
DA:525,31
DA:526,31
DA:528,31
DA:530,31
DA:531,38
DA:534,31
DA:538,23
DA:539,38
DA:540,38
DA:541,38
DA:543,38
DA:556,38
DA:557,38
DA:560,38
DA:561,38
DA:563,38
DA:565,38
DA:566,38
DA:567,38
DA:569,38
DA:570,38
DA:572,38
DA:573,38
DA:574,38
DA:576,38
DA:577,38
DA:579,38
DA:580,38
DA:582,38
DA:584,38
DA:585,38
DA:586,38
DA:588,38
DA:589,38
DA:590,38
DA:591,38
DA:593,38
DA:594,38
DA:595,38
DA:596,38
DA:598,38
DA:599,38
DA:601,38
DA:604,23
DA:605,58
DA:607,58
DA:608,43
DA:611,43
DA:615,43
DA:617,43
DA:621,23
DA:622,31
DA:623,7
DA:626,31
DA:627,31
DA:629,31
DA:630,38
DA:639,38
DA:640,31
DA:641,31
DA:644,38
DA:647,31
DA:650,23
DA:651,298
DA:657,23
DA:658,38
DA:659,38
DA:666,23
DA:667,52
DA:668,52
DA:670,52
DA:671,52
DA:673,52
DA:674,52
DA:676,52
DA:677,52
DA:678,52
DA:680,52
DA:681,52
DA:683,52
DA:685,52
DA:686,52
DA:687,52
DA:688,31
DA:691,52
DA:692,52
DA:693,52
DA:694,52
DA:696,52
DA:697,52
DA:699,52
DA:700,52
DA:701,52
DA:702,52
DA:703,52
DA:705,52
DA:706,52
DA:708,52
DA:709,52
DA:716,52
DA:717,52
DA:719,52
DA:720,52
DA:723,52
DA:724,52
DA:731,23
DA:732,52
DA:733,52
DA:734,52
DA:737,23
DA:738,2
DA:739,1
DA:741,1
DA:745,1
DA:754,1
DA:761,1
DA:763,8
DA:767,1
DA:768,1
DA:769,1
DA:771,1
DA:772,1
DA:773,1
DA:774,1
DA:775,1
DA:776,1
DA:777,1
DA:781,23
DA:783,23
DA:784,23
DA:785,23
DA:786,23
DA:789,23
DA:790,23
DA:793,23
DA:794,25
DA:795,25
DA:798,23
DA:799,1
DA:802,23
DA:803,3
DA:808,23
DA:809,1
DA:812,23
DA:813,7
DA:814,7
DA:815,7
DA:817,7
DA:818,7
DA:820,7
DA:821,3
DA:824,7
DA:825,3
DA:828,7
DA:829,1
DA:833,23
DA:834,1
DA:835,1
DA:838,23
DA:839,2
DA:840,2
DA:843,23
DA:844,2
DA:845,2
DA:848,23
DA:849,1
DA:850,1
DA:851,1
DA:852,1
DA:853,1
DA:856,23
DA:858,23
DA:859,1
DA:862,23
DA:863,1
DA:864,1
DA:866,1
DA:869,23
DA:871,23
DA:872,1
DA:873,1
DA:878,23
LF:368
LH:366
BRDA:218,0,0,441
BRDA:219,1,0,499
BRDA:219,1,1,0
BRDA:219,1,2,0
BRDA:243,2,0,0
BRDA:243,2,1,27
BRDA:245,3,0,1
BRDA:245,3,1,26
BRDA:260,4,0,23
BRDA:260,4,1,23
BRDA:274,5,0,0
BRDA:274,5,1,23
BRDA:285,6,0,1
BRDA:285,6,1,23
BRDA:291,7,0,23
BRDA:291,7,1,23
BRDA:294,8,0,29
BRDA:298,9,0,2
BRDA:298,9,1,29
BRDA:299,10,0,2
BRDA:299,10,1,29
BRDA:335,11,0,1
BRDA:335,11,1,24
BRDA:340,12,0,1
BRDA:340,12,1,24
BRDA:340,13,0,25
BRDA:340,13,1,24
BRDA:340,13,2,24
BRDA:345,14,0,1
BRDA:345,14,1,24
BRDA:350,15,0,1
BRDA:350,15,1,24
BRDA:378,16,0,0
BRDA:378,16,1,25
BRDA:380,17,0,1
BRDA:380,17,1,24
BRDA:390,18,0,1
BRDA:390,18,1,23
BRDA:401,19,0,1
BRDA:401,19,1,23
BRDA:403,20,0,1
BRDA:403,20,1,0
BRDA:434,21,0,0
BRDA:434,21,1,3
BRDA:497,22,0,27
BRDA:497,22,1,31
BRDA:539,23,0,24
BRDA:539,23,1,14
BRDA:557,24,0,38
BRDA:557,24,1,0
BRDA:608,25,0,43
BRDA:608,25,1,2
BRDA:611,26,0,43
BRDA:611,26,1,4
BRDA:611,26,2,2
BRDA:611,26,3,3
BRDA:611,26,4,2
BRDA:617,27,0,43
BRDA:617,27,1,42
BRDA:617,27,2,40
BRDA:631,28,0,1
BRDA:631,28,1,37
BRDA:639,29,0,31
BRDA:639,29,1,7
BRDA:651,30,0,16
BRDA:651,30,1,282
BRDA:659,31,0,1
BRDA:659,31,1,37
BRDA:668,32,0,0
BRDA:668,32,1,52
BRDA:671,33,0,52
BRDA:671,33,1,0
BRDA:738,34,0,1
BRDA:738,34,1,1
BRDA:820,35,0,3
BRDA:820,35,1,4
BRDA:824,36,0,3
BRDA:824,36,1,4
BRDA:828,37,0,1
BRDA:828,37,1,6
BRDA:859,38,0,1
BRDA:859,38,1,0
BRDA:863,39,0,1
BRDA:863,39,1,0
BRDA:872,40,0,1
BRDA:872,40,1,0
BRF:86
BRH:73
end_of_record
